<?xml version="1.0" encoding="UTF-8"?>
<!-- Generated by org.testng.reporters.JUnitReportReporter -->
<testsuite hostname="LAPTOP-H5UIH76F" failures="0" tests="3" name="com.demo.test.LoginPageTests" time="14.186" errors="0" timestamp="2023-10-26T12:29:55 BST" skipped="0">
  <testcase classname="com.demo.test.LoginPageTests" name="test3" time="9.267"/>
  <system-out/>
  <testcase classname="com.demo.test.LoginPageTests" name="test1" time="2.489"/>
  <system-out/>
  <testcase classname="com.demo.test.LoginPageTests" name="test2" time="2.430"/>
  <system-out/>
</testsuite> <!-- com.demo.test.LoginPageTests -->
